{"C:\\code\\mail-service\\src\\logger.ts": {"path":"C:\\code\\mail-service\\src\\logger.ts","statementMap":{"0":{"start":{"line":1,"column":0},"end":{"line":1,"column":34}},"1":{"start":{"line":3,"column":13},"end":{"line":9,"column":3}}},"fnMap":{},"branchMap":{"0":{"loc":{"start":{"line":4,"column":11},"end":{"line":4,"column":32}},"type":"binary-expr","locations":[{"start":{"line":4,"column":11},"end":{"line":4,"column":32}},{"start":{"line":4,"column":36},"end":{"line":4,"column":43}}]}},"s":{"0":3,"1":3},"f":{},"b":{"0":[3,0]}}
,"C:\\code\\mail-service\\src\\controllers\\SendMailController.ts": {"path":"C:\\code\\mail-service\\src\\controllers\\SendMailController.ts","statementMap":{"0":{"start":{"line":2,"column":0},"end":{"line":2,"column":36}},"1":{"start":{"line":4,"column":0},"end":{"line":4,"column":46}},"2":{"start":{"line":5,"column":0},"end":{"line":5,"column":48}},"3":{"start":{"line":6,"column":0},"end":{"line":6,"column":57}},"4":{"start":{"line":7,"column":0},"end":{"line":7,"column":34}},"5":{"start":{"line":9,"column":0},"end":{"line":9,"column":51}},"6":{"start":{"line":16,"column":21},"end":{"line":16,"column":41}},"7":{"start":{"line":54,"column":12},"end":{"line":60,"column":120}},"8":{"start":{"line":54,"column":58},"end":{"line":60,"column":120}},"9":{"start":{"line":55,"column":8},"end":{"line":60,"column":120}},"10":{"start":{"line":57,"column":16},"end":{"line":57,"column":87}},"11":{"start":{"line":58,"column":16},"end":{"line":58,"column":33}},"12":{"start":{"line":60,"column":35},"end":{"line":60,"column":119}},"13":{"start":{"line":26,"column":8},"end":{"line":26,"column":33}},"14":{"start":{"line":27,"column":8},"end":{"line":27,"column":48}},"15":{"start":{"line":28,"column":8},"end":{"line":28,"column":38}},"16":{"start":{"line":41,"column":8},"end":{"line":45,"column":10}},"17":{"start":{"line":69,"column":28},"end":{"line":69,"column":112}},"18":{"start":{"line":71,"column":8},"end":{"line":74,"column":9}},"19":{"start":{"line":72,"column":12},"end":{"line":72,"column":148}},"20":{"start":{"line":72,"column":107},"end":{"line":72,"column":113}},"21":{"start":{"line":73,"column":12},"end":{"line":73,"column":25}},"22":{"start":{"line":76,"column":8},"end":{"line":76,"column":27}},"23":{"start":{"line":83,"column":8},"end":{"line":99,"column":10}},"24":{"start":{"line":84,"column":12},"end":{"line":84,"column":35}},"25":{"start":{"line":85,"column":30},"end":{"line":85,"column":58}},"26":{"start":{"line":87,"column":12},"end":{"line":98,"column":15}},"27":{"start":{"line":93,"column":27},"end":{"line":93,"column":44}},"28":{"start":{"line":94,"column":16},"end":{"line":97,"column":19}},"29":{"start":{"line":106,"column":8},"end":{"line":132,"column":15}},"30":{"start":{"line":111,"column":16},"end":{"line":113,"column":17}},"31":{"start":{"line":112,"column":20},"end":{"line":112,"column":73}},"32":{"start":{"line":114,"column":50},"end":{"line":114,"column":67}},"33":{"start":{"line":115,"column":41},"end":{"line":120,"column":17}},"34":{"start":{"line":122,"column":16},"end":{"line":122,"column":57}},"35":{"start":{"line":123,"column":16},"end":{"line":123,"column":62}},"36":{"start":{"line":125,"column":41},"end":{"line":125,"column":69}},"37":{"start":{"line":126,"column":52},"end":{"line":126,"column":111}},"38":{"start":{"line":127,"column":16},"end":{"line":130,"column":17}},"39":{"start":{"line":128,"column":20},"end":{"line":128,"column":100}},"40":{"start":{"line":129,"column":20},"end":{"line":129,"column":77}},"41":{"start":{"line":131,"column":16},"end":{"line":131,"column":23}},"42":{"start":{"line":142,"column":42},"end":{"line":142,"column":59}},"43":{"start":{"line":143,"column":8},"end":{"line":159,"column":10}},"44":{"start":{"line":148,"column":34},"end":{"line":148,"column":65}},"45":{"start":{"line":149,"column":34},"end":{"line":149,"column":65}},"46":{"start":{"line":150,"column":42},"end":{"line":150,"column":69}},"47":{"start":{"line":151,"column":16},"end":{"line":154,"column":17}},"48":{"start":{"line":152,"column":20},"end":{"line":152,"column":89}},"49":{"start":{"line":153,"column":20},"end":{"line":153,"column":27}},"50":{"start":{"line":155,"column":16},"end":{"line":155,"column":211}},"51":{"start":{"line":156,"column":16},"end":{"line":156,"column":118}},"52":{"start":{"line":156,"column":33},"end":{"line":156,"column":97}},"53":{"start":{"line":158,"column":30},"end":{"line":158,"column":76}},"54":{"start":{"line":163,"column":8},"end":{"line":175,"column":15}},"55":{"start":{"line":165,"column":16},"end":{"line":170,"column":17}},"56":{"start":{"line":166,"column":20},"end":{"line":166,"column":67}},"57":{"start":{"line":167,"column":20},"end":{"line":167,"column":62}},"58":{"start":{"line":169,"column":20},"end":{"line":169,"column":55}},"59":{"start":{"line":172,"column":16},"end":{"line":172,"column":129}},"60":{"start":{"line":173,"column":16},"end":{"line":173,"column":62}},"61":{"start":{"line":174,"column":16},"end":{"line":174,"column":51}},"62":{"start":{"line":179,"column":8},"end":{"line":190,"column":11}},"63":{"start":{"line":180,"column":12},"end":{"line":183,"column":13}},"64":{"start":{"line":181,"column":51},"end":{"line":181,"column":106}},"65":{"start":{"line":182,"column":16},"end":{"line":182,"column":62}},"66":{"start":{"line":184,"column":12},"end":{"line":184,"column":25}},"67":{"start":{"line":186,"column":12},"end":{"line":189,"column":13}},"68":{"start":{"line":187,"column":62},"end":{"line":187,"column":119}},"69":{"start":{"line":188,"column":16},"end":{"line":188,"column":130}},"70":{"start":{"line":194,"column":8},"end":{"line":203,"column":15}},"71":{"start":{"line":202,"column":16},"end":{"line":202,"column":181}},"72":{"start":{"line":207,"column":8},"end":{"line":212,"column":11}},"73":{"start":{"line":208,"column":12},"end":{"line":210,"column":13}},"74":{"start":{"line":209,"column":16},"end":{"line":209,"column":36}},"75":{"start":{"line":211,"column":12},"end":{"line":211,"column":23}},"76":{"start":{"line":14,"column":0},"end":{"line":214,"column":1}}},"fnMap":{"0":{"name":"(anonymous_0)","decl":{"start":{"line":22,"column":4},"end":{"line":23,"column":7}},"loc":{"start":{"line":24,"column":38},"end":{"line":29,"column":5}}},"1":{"name":"(anonymous_1)","decl":{"start":{"line":54,"column":36},"end":{"line":54,"column":37}},"loc":{"start":{"line":54,"column":58},"end":{"line":60,"column":120}}},"2":{"name":"(anonymous_2)","decl":{"start":{"line":54,"column":58},"end":{"line":54,"column":59}},"loc":{"start":{"line":55,"column":8},"end":{"line":60,"column":120}}},"3":{"name":"(anonymous_3)","decl":{"start":{"line":56,"column":18},"end":{"line":56,"column":19}},"loc":{"start":{"line":56,"column":38},"end":{"line":59,"column":13}}},"4":{"name":"(anonymous_4)","decl":{"start":{"line":60,"column":19},"end":{"line":60,"column":20}},"loc":{"start":{"line":60,"column":35},"end":{"line":60,"column":119}}},"5":{"name":"(anonymous_5)","decl":{"start":{"line":37,"column":11},"end":{"line":37,"column":16}},"loc":{"start":{"line":39,"column":53},"end":{"line":46,"column":5}}},"6":{"name":"(anonymous_6)","decl":{"start":{"line":68,"column":11},"end":{"line":68,"column":15}},"loc":{"start":{"line":68,"column":42},"end":{"line":77,"column":5}}},"7":{"name":"(anonymous_7)","decl":{"start":{"line":72,"column":102},"end":{"line":72,"column":103}},"loc":{"start":{"line":72,"column":107},"end":{"line":72,"column":113}}},"8":{"name":"(anonymous_8)","decl":{"start":{"line":82,"column":11},"end":{"line":82,"column":23}},"loc":{"start":{"line":82,"column":24},"end":{"line":100,"column":5}}},"9":{"name":"(anonymous_9)","decl":{"start":{"line":83,"column":15},"end":{"line":83,"column":16}},"loc":{"start":{"line":83,"column":63},"end":{"line":99,"column":9}}},"10":{"name":"(anonymous_10)","decl":{"start":{"line":92,"column":18},"end":{"line":92,"column":19}},"loc":{"start":{"line":92,"column":50},"end":{"line":98,"column":13}}},"11":{"name":"(anonymous_11)","decl":{"start":{"line":105,"column":12},"end":{"line":105,"column":33}},"loc":{"start":{"line":105,"column":34},"end":{"line":133,"column":5}}},"12":{"name":"(anonymous_12)","decl":{"start":{"line":110,"column":31},"end":{"line":110,"column":32}},"loc":{"start":{"line":110,"column":69},"end":{"line":132,"column":13}}},"13":{"name":"(anonymous_13)","decl":{"start":{"line":141,"column":12},"end":{"line":141,"column":27}},"loc":{"start":{"line":141,"column":74},"end":{"line":160,"column":5}}},"14":{"name":"(anonymous_14)","decl":{"start":{"line":147,"column":31},"end":{"line":147,"column":32}},"loc":{"start":{"line":147,"column":65},"end":{"line":157,"column":13}}},"15":{"name":"(anonymous_15)","decl":{"start":{"line":156,"column":27},"end":{"line":156,"column":29}},"loc":{"start":{"line":156,"column":33},"end":{"line":156,"column":97}}},"16":{"name":"(anonymous_16)","decl":{"start":{"line":158,"column":12},"end":{"line":158,"column":13}},"loc":{"start":{"line":158,"column":30},"end":{"line":158,"column":76}}},"17":{"name":"(anonymous_17)","decl":{"start":{"line":162,"column":12},"end":{"line":162,"column":28}},"loc":{"start":{"line":162,"column":104},"end":{"line":176,"column":5}}},"18":{"name":"(anonymous_18)","decl":{"start":{"line":164,"column":18},"end":{"line":164,"column":31}},"loc":{"start":{"line":164,"column":35},"end":{"line":171,"column":13}}},"19":{"name":"(anonymous_19)","decl":{"start":{"line":171,"column":21},"end":{"line":171,"column":23}},"loc":{"start":{"line":171,"column":27},"end":{"line":175,"column":13}}},"20":{"name":"(anonymous_20)","decl":{"start":{"line":178,"column":12},"end":{"line":178,"column":24}},"loc":{"start":{"line":178,"column":51},"end":{"line":191,"column":5}}},"21":{"name":"(anonymous_21)","decl":{"start":{"line":179,"column":35},"end":{"line":179,"column":36}},"loc":{"start":{"line":179,"column":50},"end":{"line":185,"column":9}}},"22":{"name":"(anonymous_22)","decl":{"start":{"line":185,"column":11},"end":{"line":185,"column":12}},"loc":{"start":{"line":185,"column":29},"end":{"line":190,"column":9}}},"23":{"name":"(anonymous_23)","decl":{"start":{"line":193,"column":12},"end":{"line":193,"column":27}},"loc":{"start":{"line":193,"column":93},"end":{"line":204,"column":5}}},"24":{"name":"(anonymous_24)","decl":{"start":{"line":201,"column":18},"end":{"line":201,"column":19}},"loc":{"start":{"line":201,"column":42},"end":{"line":203,"column":13}}},"25":{"name":"(anonymous_25)","decl":{"start":{"line":206,"column":12},"end":{"line":206,"column":20}},"loc":{"start":{"line":206,"column":52},"end":{"line":213,"column":5}}},"26":{"name":"(anonymous_26)","decl":{"start":{"line":207,"column":24},"end":{"line":207,"column":32}},"loc":{"start":{"line":207,"column":41},"end":{"line":212,"column":9}}}},"branchMap":{"0":{"loc":{"start":{"line":55,"column":8},"end":{"line":55,"column":21}},"type":"binary-expr","locations":[{"start":{"line":55,"column":8},"end":{"line":55,"column":21}},{"start":{"line":55,"column":25},"end":{"line":60,"column":120}}]},"1":{"loc":{"start":{"line":38,"column":29},"end":{"line":38,"column":34}},"type":"default-arg","locations":[{"start":{"line":38,"column":29},"end":{"line":38,"column":34}}]},"2":{"loc":{"start":{"line":39,"column":37},"end":{"line":39,"column":53}},"type":"default-arg","locations":[{"start":{"line":39,"column":37},"end":{"line":39,"column":53}}]},"3":{"loc":{"start":{"line":71,"column":8},"end":{"line":74,"column":9}},"type":"if","locations":[{"start":{"line":71,"column":8},"end":{"line":74,"column":9}},{"start":{"line":71,"column":8},"end":{"line":74,"column":9}}]},"4":{"loc":{"start":{"line":111,"column":16},"end":{"line":113,"column":17}},"type":"if","locations":[{"start":{"line":111,"column":16},"end":{"line":113,"column":17}},{"start":{"line":111,"column":16},"end":{"line":113,"column":17}}]},"5":{"loc":{"start":{"line":126,"column":71},"end":{"line":126,"column":107}},"type":"cond-expr","locations":[{"start":{"line":126,"column":71},"end":{"line":126,"column":107}},{"start":{"line":126,"column":110},"end":{"line":126,"column":111}}]},"6":{"loc":{"start":{"line":127,"column":16},"end":{"line":130,"column":17}},"type":"if","locations":[{"start":{"line":127,"column":16},"end":{"line":130,"column":17}},{"start":{"line":127,"column":16},"end":{"line":130,"column":17}}]},"7":{"loc":{"start":{"line":150,"column":42},"end":{"line":150,"column":64}},"type":"binary-expr","locations":[{"start":{"line":150,"column":42},"end":{"line":150,"column":64}},{"start":{"line":150,"column":68},"end":{"line":150,"column":69}}]},"8":{"loc":{"start":{"line":151,"column":16},"end":{"line":154,"column":17}},"type":"if","locations":[{"start":{"line":151,"column":16},"end":{"line":154,"column":17}},{"start":{"line":151,"column":16},"end":{"line":154,"column":17}}]},"9":{"loc":{"start":{"line":165,"column":16},"end":{"line":170,"column":17}},"type":"if","locations":[{"start":{"line":165,"column":16},"end":{"line":170,"column":17}},{"start":{"line":165,"column":16},"end":{"line":170,"column":17}}]},"10":{"loc":{"start":{"line":180,"column":12},"end":{"line":183,"column":13}},"type":"if","locations":[{"start":{"line":180,"column":12},"end":{"line":183,"column":13}},{"start":{"line":180,"column":12},"end":{"line":183,"column":13}}]},"11":{"loc":{"start":{"line":181,"column":68},"end":{"line":181,"column":102}},"type":"cond-expr","locations":[{"start":{"line":181,"column":68},"end":{"line":181,"column":102}},{"start":{"line":181,"column":105},"end":{"line":181,"column":106}}]},"12":{"loc":{"start":{"line":186,"column":12},"end":{"line":189,"column":13}},"type":"if","locations":[{"start":{"line":186,"column":12},"end":{"line":189,"column":13}},{"start":{"line":186,"column":12},"end":{"line":189,"column":13}}]},"13":{"loc":{"start":{"line":193,"column":68},"end":{"line":193,"column":78}},"type":"default-arg","locations":[{"start":{"line":193,"column":68},"end":{"line":193,"column":78}}]},"14":{"loc":{"start":{"line":193,"column":92},"end":{"line":193,"column":93}},"type":"default-arg","locations":[{"start":{"line":193,"column":92},"end":{"line":193,"column":93}}]},"15":{"loc":{"start":{"line":208,"column":12},"end":{"line":210,"column":13}},"type":"if","locations":[{"start":{"line":208,"column":12},"end":{"line":210,"column":13}},{"start":{"line":208,"column":12},"end":{"line":210,"column":13}}]}},"s":{"0":1,"1":1,"2":1,"3":1,"4":1,"5":1,"6":7,"7":7,"8":6,"9":170,"10":5,"11":5,"12":65,"13":7,"14":7,"15":7,"16":1,"17":6,"18":6,"19":1,"20":4,"21":1,"22":5,"23":1,"24":0,"25":0,"26":0,"27":0,"28":0,"29":7,"30":0,"31":0,"32":0,"33":0,"34":0,"35":0,"36":0,"37":0,"38":0,"39":0,"40":0,"41":0,"42":0,"43":0,"44":0,"45":0,"46":0,"47":0,"48":0,"49":0,"50":0,"51":0,"52":0,"53":0,"54":0,"55":0,"56":0,"57":0,"58":0,"59":0,"60":0,"61":0,"62":0,"63":0,"64":0,"65":0,"66":0,"67":0,"68":0,"69":0,"70":0,"71":0,"72":0,"73":0,"74":0,"75":0,"76":1},"f":{"0":7,"1":6,"2":170,"3":5,"4":65,"5":1,"6":6,"7":4,"8":1,"9":0,"10":0,"11":7,"12":0,"13":0,"14":0,"15":0,"16":0,"17":0,"18":0,"19":0,"20":0,"21":0,"22":0,"23":0,"24":0,"25":0,"26":0},"b":{"0":[170,70],"1":[1],"2":[1],"3":[1,5],"4":[0,0],"5":[0,0],"6":[0,0],"7":[0,0],"8":[0,0],"9":[0,0],"10":[0,0],"11":[0,0],"12":[0,0],"13":[0],"14":[0],"15":[0,0]}}
,"C:\\code\\mail-service\\src\\database\\firebase.ts": {"path":"C:\\code\\mail-service\\src\\database\\firebase.ts","statementMap":{"0":{"start":{"line":1,"column":0},"end":{"line":1,"column":42}},"1":{"start":{"line":6,"column":31},"end":{"line":10,"column":1}},"2":{"start":{"line":12,"column":36},"end":{"line":15,"column":1}},"3":{"start":{"line":17,"column":13},"end":{"line":17,"column":74}},"4":{"start":{"line":19,"column":35},"end":{"line":19,"column":54}},"5":{"start":{"line":21,"column":0},"end":{"line":21,"column":24}}},"fnMap":{},"branchMap":{},"s":{"0":1,"1":1,"2":1,"3":1,"4":1,"5":1},"f":{},"b":{}}
,"C:\\code\\mail-service\\src\\services\\mailgun.ts": {"path":"C:\\code\\mail-service\\src\\services\\mailgun.ts","statementMap":{"0":{"start":{"line":1,"column":0},"end":{"line":1,"column":33}},"1":{"start":{"line":2,"column":0},"end":{"line":2,"column":37}},"2":{"start":{"line":3,"column":0},"end":{"line":3,"column":34}},"3":{"start":{"line":23,"column":13},"end":{"line":60,"column":1}},"4":{"start":{"line":25,"column":4},"end":{"line":58,"column":5}},"5":{"start":{"line":28,"column":12},"end":{"line":28,"column":69}},"6":{"start":{"line":30,"column":24},"end":{"line":30,"column":91}},"7":{"start":{"line":33,"column":47},"end":{"line":35,"column":14}},"8":{"start":{"line":37,"column":35},"end":{"line":37,"column":49}},"9":{"start":{"line":38,"column":12},"end":{"line":40,"column":13}},"10":{"start":{"line":39,"column":16},"end":{"line":39,"column":44}},"11":{"start":{"line":42,"column":41},"end":{"line":48,"column":13}},"12":{"start":{"line":50,"column":39},"end":{"line":50,"column":64}},"13":{"start":{"line":52,"column":12},"end":{"line":54,"column":13}},"14":{"start":{"line":53,"column":16},"end":{"line":53,"column":28}},"15":{"start":{"line":56,"column":12},"end":{"line":56,"column":48}}},"fnMap":{"0":{"name":"(anonymous_0)","decl":{"start":{"line":23,"column":29},"end":{"line":23,"column":30}},"loc":{"start":{"line":23,"column":57},"end":{"line":60,"column":1}}}},"branchMap":{"0":{"loc":{"start":{"line":52,"column":12},"end":{"line":54,"column":13}},"type":"if","locations":[{"start":{"line":52,"column":12},"end":{"line":54,"column":13}},{"start":{"line":52,"column":12},"end":{"line":54,"column":13}}]},"1":{"loc":{"start":{"line":52,"column":16},"end":{"line":52,"column":24}},"type":"binary-expr","locations":[{"start":{"line":52,"column":16},"end":{"line":52,"column":24}},{"start":{"line":52,"column":28},"end":{"line":52,"column":51}}]}},"s":{"0":2,"1":2,"2":2,"3":2,"4":7,"5":4,"6":4,"7":4,"8":4,"9":4,"10":16,"11":4,"12":4,"13":3,"14":1,"15":2},"f":{"0":7},"b":{"0":[1,2],"1":[3,2]}}
,"C:\\code\\mail-service\\src\\services\\sendgrid.ts": {"path":"C:\\code\\mail-service\\src\\services\\sendgrid.ts","statementMap":{"0":{"start":{"line":1,"column":0},"end":{"line":1,"column":34}},"1":{"start":{"line":32,"column":13},"end":{"line":76,"column":1}},"2":{"start":{"line":34,"column":4},"end":{"line":74,"column":5}},"3":{"start":{"line":37,"column":12},"end":{"line":37,"column":70}},"4":{"start":{"line":39,"column":24},"end":{"line":39,"column":63}},"5":{"start":{"line":41,"column":36},"end":{"line":41,"column":70}},"6":{"start":{"line":41,"column":61},"end":{"line":41,"column":68}},"7":{"start":{"line":43,"column":42},"end":{"line":53,"column":13}},"8":{"start":{"line":55,"column":35},"end":{"line":55,"column":55}},"9":{"start":{"line":57,"column":41},"end":{"line":64,"column":13}},"10":{"start":{"line":66,"column":39},"end":{"line":66,"column":64}},"11":{"start":{"line":68,"column":12},"end":{"line":70,"column":13}},"12":{"start":{"line":69,"column":16},"end":{"line":69,"column":28}},"13":{"start":{"line":72,"column":12},"end":{"line":72,"column":48}}},"fnMap":{"0":{"name":"(anonymous_0)","decl":{"start":{"line":32,"column":29},"end":{"line":32,"column":30}},"loc":{"start":{"line":32,"column":57},"end":{"line":76,"column":1}}},"1":{"name":"(anonymous_1)","decl":{"start":{"line":41,"column":51},"end":{"line":41,"column":55}},"loc":{"start":{"line":41,"column":61},"end":{"line":41,"column":68}}}},"branchMap":{"0":{"loc":{"start":{"line":68,"column":12},"end":{"line":70,"column":13}},"type":"if","locations":[{"start":{"line":68,"column":12},"end":{"line":70,"column":13}},{"start":{"line":68,"column":12},"end":{"line":70,"column":13}}]},"1":{"loc":{"start":{"line":68,"column":16},"end":{"line":68,"column":24}},"type":"binary-expr","locations":[{"start":{"line":68,"column":16},"end":{"line":68,"column":24}},{"start":{"line":68,"column":28},"end":{"line":68,"column":51}}]}},"s":{"0":2,"1":2,"2":7,"3":4,"4":4,"5":4,"6":4,"7":4,"8":4,"9":4,"10":4,"11":3,"12":1,"13":2},"f":{"0":7,"1":4},"b":{"0":[1,2],"1":[3,2]}}
}
