{"C:\\code\\mail-service\\src\\logger.ts": {"path":"C:\\code\\mail-service\\src\\logger.ts","statementMap":{"0":{"start":{"line":1,"column":0},"end":{"line":1,"column":34}},"1":{"start":{"line":3,"column":13},"end":{"line":9,"column":3}}},"fnMap":{},"branchMap":{"0":{"loc":{"start":{"line":4,"column":11},"end":{"line":4,"column":32}},"type":"binary-expr","locations":[{"start":{"line":4,"column":11},"end":{"line":4,"column":32}},{"start":{"line":4,"column":36},"end":{"line":4,"column":43}}]}},"s":{"0":3,"1":3},"f":{},"b":{"0":[3,3]}}
,"C:\\code\\mail-service\\src\\controllers\\SendMailController.ts": {"path":"C:\\code\\mail-service\\src\\controllers\\SendMailController.ts","statementMap":{"0":{"start":{"line":1,"column":0},"end":{"line":1,"column":36}},"1":{"start":{"line":3,"column":0},"end":{"line":3,"column":46}},"2":{"start":{"line":4,"column":0},"end":{"line":4,"column":48}},"3":{"start":{"line":5,"column":0},"end":{"line":5,"column":57}},"4":{"start":{"line":6,"column":0},"end":{"line":6,"column":34}},"5":{"start":{"line":39,"column":12},"end":{"line":45,"column":120}},"6":{"start":{"line":39,"column":58},"end":{"line":45,"column":120}},"7":{"start":{"line":40,"column":8},"end":{"line":45,"column":120}},"8":{"start":{"line":42,"column":16},"end":{"line":42,"column":87}},"9":{"start":{"line":43,"column":16},"end":{"line":43,"column":33}},"10":{"start":{"line":45,"column":35},"end":{"line":45,"column":119}},"11":{"start":{"line":16,"column":8},"end":{"line":16,"column":48}},"12":{"start":{"line":27,"column":8},"end":{"line":30,"column":10}},"13":{"start":{"line":55,"column":28},"end":{"line":55,"column":112}},"14":{"start":{"line":57,"column":8},"end":{"line":60,"column":9}},"15":{"start":{"line":58,"column":12},"end":{"line":58,"column":148}},"16":{"start":{"line":58,"column":107},"end":{"line":58,"column":113}},"17":{"start":{"line":59,"column":12},"end":{"line":59,"column":25}},"18":{"start":{"line":62,"column":8},"end":{"line":62,"column":27}},"19":{"start":{"line":69,"column":8},"end":{"line":81,"column":10}},"20":{"start":{"line":70,"column":12},"end":{"line":70,"column":35}},"21":{"start":{"line":71,"column":12},"end":{"line":80,"column":18}},"22":{"start":{"line":74,"column":20},"end":{"line":76,"column":21}},"23":{"start":{"line":75,"column":24},"end":{"line":75,"column":61}},"24":{"start":{"line":78,"column":20},"end":{"line":79,"column":55}},"25":{"start":{"line":9,"column":0},"end":{"line":83,"column":1}}},"fnMap":{"0":{"name":"(anonymous_0)","decl":{"start":{"line":15,"column":4},"end":{"line":15,"column":15}},"loc":{"start":{"line":15,"column":46},"end":{"line":17,"column":5}}},"1":{"name":"(anonymous_1)","decl":{"start":{"line":39,"column":36},"end":{"line":39,"column":37}},"loc":{"start":{"line":39,"column":58},"end":{"line":45,"column":120}}},"2":{"name":"(anonymous_2)","decl":{"start":{"line":39,"column":58},"end":{"line":39,"column":59}},"loc":{"start":{"line":40,"column":8},"end":{"line":45,"column":120}}},"3":{"name":"(anonymous_3)","decl":{"start":{"line":41,"column":18},"end":{"line":41,"column":19}},"loc":{"start":{"line":41,"column":38},"end":{"line":44,"column":13}}},"4":{"name":"(anonymous_4)","decl":{"start":{"line":45,"column":19},"end":{"line":45,"column":20}},"loc":{"start":{"line":45,"column":35},"end":{"line":45,"column":119}}},"5":{"name":"(anonymous_5)","decl":{"start":{"line":24,"column":11},"end":{"line":24,"column":16}},"loc":{"start":{"line":25,"column":34},"end":{"line":31,"column":5}}},"6":{"name":"(anonymous_6)","decl":{"start":{"line":54,"column":11},"end":{"line":54,"column":15}},"loc":{"start":{"line":54,"column":42},"end":{"line":63,"column":5}}},"7":{"name":"(anonymous_7)","decl":{"start":{"line":58,"column":102},"end":{"line":58,"column":103}},"loc":{"start":{"line":58,"column":107},"end":{"line":58,"column":113}}},"8":{"name":"(anonymous_8)","decl":{"start":{"line":68,"column":11},"end":{"line":68,"column":23}},"loc":{"start":{"line":68,"column":24},"end":{"line":82,"column":5}}},"9":{"name":"(anonymous_9)","decl":{"start":{"line":69,"column":15},"end":{"line":69,"column":16}},"loc":{"start":{"line":69,"column":63},"end":{"line":81,"column":9}}},"10":{"name":"(anonymous_10)","decl":{"start":{"line":72,"column":22},"end":{"line":72,"column":35}},"loc":{"start":{"line":72,"column":39},"end":{"line":80,"column":17}}}},"branchMap":{"0":{"loc":{"start":{"line":40,"column":8},"end":{"line":40,"column":21}},"type":"binary-expr","locations":[{"start":{"line":40,"column":8},"end":{"line":40,"column":21}},{"start":{"line":40,"column":25},"end":{"line":45,"column":120}}]},"1":{"loc":{"start":{"line":25,"column":29},"end":{"line":25,"column":34}},"type":"default-arg","locations":[{"start":{"line":25,"column":29},"end":{"line":25,"column":34}}]},"2":{"loc":{"start":{"line":57,"column":8},"end":{"line":60,"column":9}},"type":"if","locations":[{"start":{"line":57,"column":8},"end":{"line":60,"column":9}},{"start":{"line":57,"column":8},"end":{"line":60,"column":9}}]},"3":{"loc":{"start":{"line":74,"column":20},"end":{"line":76,"column":21}},"type":"if","locations":[{"start":{"line":74,"column":20},"end":{"line":76,"column":21}},{"start":{"line":74,"column":20},"end":{"line":76,"column":21}}]}},"s":{"0":1,"1":1,"2":1,"3":1,"4":1,"5":7,"6":6,"7":170,"8":5,"9":5,"10":65,"11":7,"12":1,"13":6,"14":6,"15":1,"16":4,"17":1,"18":5,"19":1,"20":0,"21":0,"22":0,"23":0,"24":0,"25":1},"f":{"0":7,"1":6,"2":170,"3":5,"4":65,"5":1,"6":6,"7":4,"8":1,"9":0,"10":0},"b":{"0":[170,70],"1":[1],"2":[1,5],"3":[0,0]}}
,"C:\\code\\mail-service\\src\\services\\mailgun.ts": {"path":"C:\\code\\mail-service\\src\\services\\mailgun.ts","statementMap":{"0":{"start":{"line":1,"column":0},"end":{"line":1,"column":33}},"1":{"start":{"line":2,"column":0},"end":{"line":2,"column":37}},"2":{"start":{"line":3,"column":0},"end":{"line":3,"column":34}},"3":{"start":{"line":23,"column":13},"end":{"line":58,"column":1}},"4":{"start":{"line":25,"column":4},"end":{"line":56,"column":5}},"5":{"start":{"line":28,"column":12},"end":{"line":28,"column":69}},"6":{"start":{"line":30,"column":24},"end":{"line":30,"column":91}},"7":{"start":{"line":33,"column":47},"end":{"line":33,"column":54}},"8":{"start":{"line":35,"column":35},"end":{"line":35,"column":49}},"9":{"start":{"line":36,"column":12},"end":{"line":38,"column":13}},"10":{"start":{"line":37,"column":16},"end":{"line":37,"column":44}},"11":{"start":{"line":40,"column":41},"end":{"line":46,"column":13}},"12":{"start":{"line":48,"column":39},"end":{"line":48,"column":64}},"13":{"start":{"line":50,"column":12},"end":{"line":52,"column":13}},"14":{"start":{"line":51,"column":16},"end":{"line":51,"column":28}},"15":{"start":{"line":54,"column":12},"end":{"line":54,"column":48}}},"fnMap":{"0":{"name":"(anonymous_0)","decl":{"start":{"line":23,"column":29},"end":{"line":23,"column":30}},"loc":{"start":{"line":23,"column":57},"end":{"line":58,"column":1}}}},"branchMap":{"0":{"loc":{"start":{"line":50,"column":12},"end":{"line":52,"column":13}},"type":"if","locations":[{"start":{"line":50,"column":12},"end":{"line":52,"column":13}},{"start":{"line":50,"column":12},"end":{"line":52,"column":13}}]},"1":{"loc":{"start":{"line":50,"column":16},"end":{"line":50,"column":24}},"type":"binary-expr","locations":[{"start":{"line":50,"column":16},"end":{"line":50,"column":24}},{"start":{"line":50,"column":28},"end":{"line":50,"column":51}}]}},"s":{"0":2,"1":2,"2":2,"3":2,"4":7,"5":4,"6":4,"7":4,"8":4,"9":4,"10":16,"11":4,"12":4,"13":3,"14":1,"15":2},"f":{"0":7},"b":{"0":[1,2],"1":[3,2]}}
,"C:\\code\\mail-service\\src\\services\\sendgrid.ts": {"path":"C:\\code\\mail-service\\src\\services\\sendgrid.ts","statementMap":{"0":{"start":{"line":1,"column":0},"end":{"line":1,"column":34}},"1":{"start":{"line":30,"column":13},"end":{"line":76,"column":1}},"2":{"start":{"line":32,"column":4},"end":{"line":74,"column":5}},"3":{"start":{"line":35,"column":12},"end":{"line":35,"column":70}},"4":{"start":{"line":37,"column":24},"end":{"line":37,"column":63}},"5":{"start":{"line":39,"column":42},"end":{"line":53,"column":13}},"6":{"start":{"line":55,"column":35},"end":{"line":55,"column":55}},"7":{"start":{"line":57,"column":41},"end":{"line":64,"column":13}},"8":{"start":{"line":66,"column":39},"end":{"line":66,"column":64}},"9":{"start":{"line":68,"column":12},"end":{"line":70,"column":13}},"10":{"start":{"line":69,"column":16},"end":{"line":69,"column":28}},"11":{"start":{"line":72,"column":12},"end":{"line":72,"column":48}}},"fnMap":{"0":{"name":"(anonymous_0)","decl":{"start":{"line":30,"column":29},"end":{"line":30,"column":30}},"loc":{"start":{"line":30,"column":57},"end":{"line":76,"column":1}}}},"branchMap":{"0":{"loc":{"start":{"line":68,"column":12},"end":{"line":70,"column":13}},"type":"if","locations":[{"start":{"line":68,"column":12},"end":{"line":70,"column":13}},{"start":{"line":68,"column":12},"end":{"line":70,"column":13}}]},"1":{"loc":{"start":{"line":68,"column":16},"end":{"line":68,"column":24}},"type":"binary-expr","locations":[{"start":{"line":68,"column":16},"end":{"line":68,"column":24}},{"start":{"line":68,"column":28},"end":{"line":68,"column":51}}]}},"s":{"0":2,"1":2,"2":7,"3":4,"4":4,"5":4,"6":4,"7":4,"8":4,"9":3,"10":1,"11":2},"f":{"0":7},"b":{"0":[1,2],"1":[3,2]}}
}
