TN:
SF:C:\code\mail-service\src\logger.ts
FNF:0
FNH:0
DA:1,1
DA:3,1
LF:2
LH:2
BRDA:4,0,0,1
BRDA:4,0,1,0
BRF:2
BRH:1
end_of_record
TN:
SF:C:\code\mail-service\src\controllers\SendMailController.ts
FN:22,(anonymous_0)
FN:50,(anonymous_1)
FN:50,(anonymous_2)
FN:52,(anonymous_3)
FN:56,(anonymous_4)
FN:35,(anonymous_5)
FN:64,(anonymous_6)
FN:68,(anonymous_7)
FN:78,(anonymous_8)
FN:79,(anonymous_9)
FN:88,(anonymous_10)
FN:101,(anonymous_11)
FN:106,(anonymous_12)
FN:133,(anonymous_13)
FN:139,(anonymous_14)
FN:148,(anonymous_15)
FN:150,(anonymous_16)
FN:154,(anonymous_17)
FN:156,(anonymous_18)
FN:163,(anonymous_19)
FN:170,(anonymous_20)
FN:171,(anonymous_21)
FN:177,(anonymous_22)
FN:185,(anonymous_23)
FN:193,(anonymous_24)
FN:198,(anonymous_25)
FN:199,(anonymous_26)
FNF:27
FNH:10
FNDA:7,(anonymous_0)
FNDA:6,(anonymous_1)
FNDA:170,(anonymous_2)
FNDA:5,(anonymous_3)
FNDA:65,(anonymous_4)
FNDA:1,(anonymous_5)
FNDA:6,(anonymous_6)
FNDA:4,(anonymous_7)
FNDA:1,(anonymous_8)
FNDA:0,(anonymous_9)
FNDA:0,(anonymous_10)
FNDA:7,(anonymous_11)
FNDA:0,(anonymous_12)
FNDA:0,(anonymous_13)
FNDA:0,(anonymous_14)
FNDA:0,(anonymous_15)
FNDA:0,(anonymous_16)
FNDA:0,(anonymous_17)
FNDA:0,(anonymous_18)
FNDA:0,(anonymous_19)
FNDA:0,(anonymous_20)
FNDA:0,(anonymous_21)
FNDA:0,(anonymous_22)
FNDA:0,(anonymous_23)
FNDA:0,(anonymous_24)
FNDA:0,(anonymous_25)
FNDA:0,(anonymous_26)
DA:1,1
DA:2,1
DA:4,1
DA:6,1
DA:7,1
DA:8,1
DA:9,1
DA:11,1
DA:15,1
DA:17,7
DA:25,7
DA:26,7
DA:38,1
DA:50,7
DA:51,170
DA:53,5
DA:54,5
DA:56,65
DA:65,6
DA:67,6
DA:68,4
DA:69,1
DA:72,5
DA:79,1
DA:80,0
DA:81,0
DA:83,0
DA:89,0
DA:90,0
DA:102,7
DA:107,0
DA:108,0
DA:110,0
DA:111,0
DA:118,0
DA:119,0
DA:121,0
DA:122,0
DA:123,0
DA:134,0
DA:135,0
DA:140,0
DA:141,0
DA:142,0
DA:143,0
DA:144,0
DA:145,0
DA:147,0
DA:148,0
DA:150,0
DA:155,0
DA:157,0
DA:158,0
DA:159,0
DA:161,0
DA:164,0
DA:165,0
DA:166,0
DA:171,0
DA:172,0
DA:173,0
DA:174,0
DA:176,0
DA:178,0
DA:179,0
DA:180,0
DA:186,0
DA:194,0
DA:199,0
DA:200,0
DA:201,0
DA:203,0
LF:72
LH:25
BRDA:51,0,0,170
BRDA:51,0,1,70
BRDA:36,1,0,1
BRDA:67,2,0,1
BRDA:67,2,1,5
BRDA:107,3,0,0
BRDA:107,3,1,0
BRDA:142,4,0,0
BRDA:142,4,1,0
BRDA:143,5,0,0
BRDA:143,5,1,0
BRDA:157,6,0,0
BRDA:157,6,1,0
BRDA:172,7,0,0
BRDA:172,7,1,0
BRDA:173,8,0,0
BRDA:173,8,1,0
BRDA:178,9,0,0
BRDA:178,9,1,0
BRDA:185,10,0,0
BRDA:185,11,0,0
BRDA:200,12,0,0
BRDA:200,12,1,0
BRF:23
BRH:5
end_of_record
TN:
SF:C:\code\mail-service\src\database\firebase.ts
FNF:0
FNH:0
DA:1,1
DA:4,1
DA:10,1
DA:15,1
LF:4
LH:4
BRF:0
BRH:0
end_of_record
TN:
SF:C:\code\mail-service\src\services\mailgun.ts
FN:23,(anonymous_0)
FNF:1
FNH:1
FNDA:1,(anonymous_0)
DA:1,1
DA:2,1
DA:3,1
DA:23,1
DA:25,1
DA:28,0
DA:30,0
DA:33,0
DA:37,0
DA:38,0
DA:39,0
DA:42,0
DA:50,0
DA:52,0
DA:53,0
DA:56,0
LF:16
LH:5
BRDA:52,0,0,0
BRDA:52,0,1,0
BRDA:52,1,0,0
BRDA:52,1,1,0
BRF:4
BRH:0
end_of_record
TN:
SF:C:\code\mail-service\src\services\sendgrid.ts
FN:32,(anonymous_0)
FN:41,(anonymous_1)
FNF:2
FNH:1
FNDA:1,(anonymous_0)
FNDA:0,(anonymous_1)
DA:1,1
DA:32,1
DA:34,1
DA:37,0
DA:39,0
DA:41,0
DA:43,0
DA:55,0
DA:57,0
DA:66,0
DA:68,0
DA:69,0
DA:72,0
LF:13
LH:3
BRDA:68,0,0,0
BRDA:68,0,1,0
BRDA:68,1,0,0
BRDA:68,1,1,0
BRF:4
BRH:0
end_of_record
