TN:
SF:C:\code\mail-service\src\logger.ts
FNF:0
FNH:0
DA:1,1
DA:3,1
LF:2
LH:2
BRDA:4,0,0,1
BRDA:4,0,1,0
BRF:2
BRH:1
end_of_record
TN:
SF:C:\code\mail-service\src\controllers\SendMailController.ts
FN:21,(anonymous_0)
FN:49,(anonymous_1)
FN:49,(anonymous_2)
FN:51,(anonymous_3)
FN:55,(anonymous_4)
FN:34,(anonymous_5)
FN:63,(anonymous_6)
FN:67,(anonymous_7)
FN:77,(anonymous_8)
FN:78,(anonymous_9)
FN:86,(anonymous_10)
FN:101,(anonymous_11)
FN:107,(anonymous_12)
FN:129,(anonymous_13)
FN:130,(anonymous_14)
FN:138,(anonymous_15)
FN:139,(anonymous_16)
FN:147,(anonymous_17)
FN:152,(anonymous_18)
FN:154,(anonymous_19)
FN:161,(anonymous_20)
FN:167,(anonymous_21)
FN:171,(anonymous_22)
FN:180,(anonymous_23)
FN:185,(anonymous_24)
FN:186,(anonymous_25)
FNF:26
FNH:3
FNDA:7,(anonymous_0)
FNDA:0,(anonymous_1)
FNDA:0,(anonymous_2)
FNDA:0,(anonymous_3)
FNDA:0,(anonymous_4)
FNDA:1,(anonymous_5)
FNDA:0,(anonymous_6)
FNDA:0,(anonymous_7)
FNDA:0,(anonymous_8)
FNDA:0,(anonymous_9)
FNDA:0,(anonymous_10)
FNDA:7,(anonymous_11)
FNDA:0,(anonymous_12)
FNDA:0,(anonymous_13)
FNDA:0,(anonymous_14)
FNDA:0,(anonymous_15)
FNDA:0,(anonymous_16)
FNDA:0,(anonymous_17)
FNDA:0,(anonymous_18)
FNDA:0,(anonymous_19)
FNDA:0,(anonymous_20)
FNDA:0,(anonymous_21)
FNDA:0,(anonymous_22)
FNDA:0,(anonymous_23)
FNDA:0,(anonymous_24)
FNDA:0,(anonymous_25)
DA:1,1
DA:2,1
DA:4,1
DA:6,1
DA:7,1
DA:8,1
DA:9,1
DA:11,1
DA:15,1
DA:24,7
DA:25,7
DA:37,1
DA:49,7
DA:50,0
DA:52,0
DA:53,0
DA:55,0
DA:64,0
DA:66,0
DA:67,0
DA:68,0
DA:71,0
DA:78,0
DA:79,0
DA:80,0
DA:82,0
DA:87,0
DA:88,0
DA:102,7
DA:108,0
DA:109,0
DA:111,0
DA:112,0
DA:119,0
DA:120,0
DA:122,0
DA:123,0
DA:124,0
DA:130,0
DA:131,0
DA:132,0
DA:134,0
DA:139,0
DA:140,0
DA:141,0
DA:143,0
DA:148,0
DA:153,0
DA:155,0
DA:156,0
DA:157,0
DA:159,0
DA:164,0
DA:165,0
DA:167,0
DA:173,0
DA:183,0
DA:185,0
DA:186,0
LF:59
LH:14
BRDA:50,0,0,0
BRDA:50,0,1,0
BRDA:35,1,0,1
BRDA:66,2,0,0
BRDA:66,2,1,0
BRDA:108,3,0,0
BRDA:108,3,1,0
BRDA:131,4,0,0
BRDA:131,4,1,0
BRDA:132,5,0,0
BRDA:132,5,1,0
BRDA:140,6,0,0
BRDA:140,6,1,0
BRDA:155,7,0,0
BRDA:155,7,1,0
BRF:15
BRH:1
end_of_record
TN:
SF:C:\code\mail-service\src\database\firebase.ts
FNF:0
FNH:0
DA:1,1
DA:4,1
DA:10,1
DA:15,1
LF:4
LH:4
BRF:0
BRH:0
end_of_record
TN:
SF:C:\code\mail-service\src\services\mailgun.ts
FN:23,(anonymous_0)
FNF:1
FNH:1
FNDA:1,(anonymous_0)
DA:1,1
DA:2,1
DA:3,1
DA:23,1
DA:25,1
DA:28,0
DA:30,0
DA:33,0
DA:37,0
DA:38,0
DA:39,0
DA:42,0
DA:50,0
DA:52,0
DA:53,0
DA:56,0
LF:16
LH:5
BRDA:52,0,0,0
BRDA:52,0,1,0
BRDA:52,1,0,0
BRDA:52,1,1,0
BRF:4
BRH:0
end_of_record
TN:
SF:C:\code\mail-service\src\services\sendgrid.ts
FN:32,(anonymous_0)
FN:41,(anonymous_1)
FNF:2
FNH:1
FNDA:1,(anonymous_0)
FNDA:0,(anonymous_1)
DA:1,1
DA:32,1
DA:34,1
DA:37,0
DA:39,0
DA:41,0
DA:43,0
DA:55,0
DA:57,0
DA:66,0
DA:68,0
DA:69,0
DA:72,0
LF:13
LH:3
BRDA:68,0,0,0
BRDA:68,0,1,0
BRDA:68,1,0,0
BRDA:68,1,1,0
BRF:4
BRH:0
end_of_record
